<component name="libraryTable">
  <library name="junit-dataprovider-1.12.0">
    <CLASSES>
      <root url="jar://$USER_HOME$/.gradle/caches/modules-2/files-2.1/com.tngtech.java/junit-dataprovider/1.12.0/6063d1e4963f854a72c4305a6d7710a58159402c/junit-dataprovider-1.12.0.jar!/" />
    </CLASSES>
    <JAVADOC />
    <SOURCES />
  </library>
</component>